C:\Program Files (x86)\Microsoft Visual Studio\2019\Community\MSBuild\Microsoft\VC\v160\Microsoft.CppBuild.targets(477,5): warning MSB8004: El directorio Output no termina con una barra diagonal final. Esta instancia de compilación agregará la barra diagonal porque es necesaria para que se pueda evaluar correctamente el directorio Output.
  Collider.cpp
  Main.cpp
  App.cpp
C:\Users\Laia\Desktop\asignment1\L04_Tiled_TMX_Drawing.Handout.solution\Game\Source\Animation.h(53,19): warning C4244: 'inicializando': conversión de 'const float' a 'int'; posible pérdida de datos
C:\Users\Laia\Desktop\asignment1\L04_Tiled_TMX_Drawing.Handout.solution\Game\Source\Animation.h(55,30): warning C4244: '=': conversión de 'float' a 'int'; posible pérdida de datos
C:\Users\Laia\Desktop\asignment1\L04_Tiled_TMX_Drawing.Handout.solution\Game\Source\App.cpp(35,36): error C2512: 'ModuleCollisions::ModuleCollisions': no hay disponible un constructor predeterminado adecuado
  Audio.cpp
  Input.cpp
  Map.cpp
  ModuleCollisions.cpp
  ModulePlayer.cpp
C:\Users\Laia\Desktop\asignment1\L04_Tiled_TMX_Drawing.Handout.solution\Game\Source\Animation.h(53,19): warning C4244: 'inicializando': conversión de 'const float' a 'int'; posible pérdida de datos
C:\Users\Laia\Desktop\asignment1\L04_Tiled_TMX_Drawing.Handout.solution\Game\Source\Animation.h(55,30): warning C4244: '=': conversión de 'float' a 'int'; posible pérdida de datos
  Scene.cpp
C:\Users\Laia\Desktop\asignment1\L04_Tiled_TMX_Drawing.Handout.solution\Game\Source\Animation.h(53,19): warning C4244: 'inicializando': conversión de 'const float' a 'int'; posible pérdida de datos
C:\Users\Laia\Desktop\asignment1\L04_Tiled_TMX_Drawing.Handout.solution\Game\Source\Animation.h(55,30): warning C4244: '=': conversión de 'float' a 'int'; posible pérdida de datos
  Render.cpp
C:\Users\Laia\Desktop\asignment1\L04_Tiled_TMX_Drawing.Handout.solution\Game\Source\Animation.h(53,19): warning C4244: 'inicializando': conversión de 'const float' a 'int'; posible pérdida de datos
C:\Users\Laia\Desktop\asignment1\L04_Tiled_TMX_Drawing.Handout.solution\Game\Source\Animation.h(55,30): warning C4244: '=': conversión de 'float' a 'int'; posible pérdida de datos
  Textures.cpp
  Window.cpp
  Generando código...
C:\Users\Laia\Desktop\asignment1\L04_Tiled_TMX_Drawing.Handout.solution\Game\Source\ModuleCollisions.cpp(169): warning C4715: 'ModuleCollisions::PostUpdate': no todas las rutas de acceso de control devuelven un valor
