C:\Program Files (x86)\Microsoft Visual Studio\2019\Community\MSBuild\Microsoft\VC\v160\Microsoft.CppBuild.targets(477,5): warning MSB8004: El directorio Output no termina con una barra diagonal final. Esta instancia de compilación agregará la barra diagonal porque es necesaria para que se pueda evaluar correctamente el directorio Output.
  ModulePlayer.cpp
C:\Users\Laia\Desktop\desarrollo\asignment1\L04_Tiled_TMX_Drawing.Handout.solution\Game\Source\GuiControl.h(37,1): warning C4099: 'GuiControl': nombre de tipo visto anteriormente usando 'struct' ahora se ve usando 'class'
C:\Users\Laia\Desktop\desarrollo\asignment1\L04_Tiled_TMX_Drawing.Handout.solution\Game\Source\GuiControl.h(36): message : vea la declaración de 'GuiControl'
C:\Users\Laia\Desktop\desarrollo\asignment1\L04_Tiled_TMX_Drawing.Handout.solution\Game\Source\Animation.h(53,19): warning C4244: 'inicializando': conversión de 'const float' a 'int'; posible pérdida de datos
C:\Users\Laia\Desktop\desarrollo\asignment1\L04_Tiled_TMX_Drawing.Handout.solution\Game\Source\Animation.h(55,30): warning C4244: '=': conversión de 'float' a 'int'; posible pérdida de datos
Source\ModulePlayer.cpp(111,14): warning C4244: 'inicializando': conversión de 'double' a 'float'; posible pérdida de datos
Source\ModulePlayer.cpp(128,23): warning C4244: '+=': conversión de 'float' a 'TYPE'; posible pérdida de datos
          with
          [
              TYPE=int
          ]
Source\ModulePlayer.cpp(131,23): warning C4244: '-=': conversión de 'float' a 'TYPE'; posible pérdida de datos
          with
          [
              TYPE=int
          ]
Source\ModulePlayer.cpp(159,21): warning C4244: '=': conversión de 'double' a 'int'; posible pérdida de datos
Source\ModulePlayer.cpp(169,14): warning C4553: "==": el resultado de la expresión no se usa. ¿Quiso decir "="?
Source\ModulePlayer.cpp(245,29): warning C4244: '+=': conversión de 'double' a 'TYPE'; posible pérdida de datos
          with
          [
              TYPE=int
          ]
Source\ModulePlayer.cpp(261,29): warning C4244: '+=': conversión de 'double' a 'TYPE'; posible pérdida de datos
          with
          [
              TYPE=int
          ]
Source\ModulePlayer.cpp(285,31): warning C4244: '-=': conversión de 'double' a 'TYPE'; posible pérdida de datos
          with
          [
              TYPE=int
          ]
Source\ModulePlayer.cpp(302,30): warning C4244: '-=': conversión de 'double' a 'TYPE'; posible pérdida de datos
          with
          [
              TYPE=int
          ]
  Generando código
  1 of 557 functions ( 0.2%) were compiled, the rest were copied from previous compilation.
    0 functions were new in current compilation
    1 functions had inline decision re-evaluated but remain unchanged
  Generación de código finalizada
  Game.vcxproj -> C:\Users\Laia\Desktop\desarrollo\asignment1\L04_Tiled_TMX_Drawing.Handout.solution\Build\Release\Game.exe
